# JRE version: OpenJDK Runtime Environment Temurin-17.0.20+8 (17.0.20+8) (build 17.0.20+8)
# Java VM: OpenJDK 64-Bit Server VM Temurin-17.0.20+8 (17.0.20+8, mixed mode, sharing, tiered, compressed oops, compressed class ptrs, g1 gc, windows-amd64)
GC Precious Log:
 CPUs: 12 total, 12 available
 Memory: 32609M
 Large Page Support: Disabled
 NUMA Support: Disabled
 Compressed Oops: Enabled (Zero based)
 Heap Region Size: 4M
 Heap Min Capacity: 8M
 Heap Initial Capacity: 512M
 Heap Max Capacity: 8156M
 Pre-touch: Disabled
 Parallel Workers: 10
 Concurrent Workers: 3
 Concurrent Refinement Workers: 10
 Periodic GC: Disabled
Heap:
 garbage-first heap   total 270336K, used 160976K [0x0000000602400000, 0x0000000800000000)
  region size 4096K, 9 young (36864K), 2 survivors (8192K)
 Metaspace       used 62694K, committed 62976K, reserved 1114112K
  class space    used 6731K, committed 6848K, reserved 1048576K
GC Heap History (20 events):
Event: 8.297 GC heap before
{Heap before GC invocations=16 (full 0):
 garbage-first heap   total 188416K, used 134602K [0x0000000602400000, 0x0000000800000000)
  region size 4096K, 11 young (45056K), 1 survivors (4096K)
 Metaspace       used 56034K, committed 56320K, reserved 1114112K
  class space    used 6267K, committed 6400K, reserved 1048576K
}
Event: 8.305 GC heap after
{Heap after GC invocations=17 (full 0):
 garbage-first heap   total 188416K, used 103139K [0x0000000602400000, 0x0000000800000000)
  region size 4096K, 2 young (8192K), 2 survivors (8192K)
 Metaspace       used 56034K, committed 56320K, reserved 1114112K
  class space    used 6267K, committed 6400K, reserved 1048576K
}
Event: 9.002 GC heap before
{Heap before GC invocations=17 (full 0):
 garbage-first heap   total 188416K, used 140003K [0x0000000602400000, 0x0000000800000000)
  region size 4096K, 11 young (45056K), 2 survivors (8192K)
 Metaspace       used 56684K, committed 57024K, reserved 1114112K
  class space    used 6308K, committed 6464K, reserved 1048576K
}
Event: 9.013 GC heap after
{Heap after GC invocations=18 (full 0):
 garbage-first heap   total 188416K, used 109346K [0x0000000602400000, 0x0000000800000000)
  region size 4096K, 2 young (8192K), 2 survivors (8192K)
 Metaspace       used 56684K, committed 57024K, reserved 1114112K
  class space    used 6308K, committed 6464K, reserved 1048576K
}
Event: 9.632 GC heap before
{Heap before GC invocations=19 (full 0):
 garbage-first heap   total 200704K, used 142114K [0x0000000602400000, 0x0000000800000000)
  region size 4096K, 10 young (40960K), 2 survivors (8192K)
 Metaspace       used 57351K, committed 57728K, reserved 1114112K
  class space    used 6367K, committed 6528K, reserved 1048576K
}
Event: 9.639 GC heap after
{Heap after GC invocations=20 (full 0):
 garbage-first heap   total 200704K, used 112750K [0x0000000602400000, 0x0000000800000000)
  region size 4096K, 1 young (4096K), 1 survivors (4096K)
 Metaspace       used 57351K, committed 57728K, reserved 1114112K
  class space    used 6367K, committed 6528K, reserved 1048576K
}
Event: 10.292 GC heap before
{Heap before GC invocations=20 (full 0):
 garbage-first heap   total 200704K, used 157806K [0x0000000602400000, 0x0000000800000000)
  region size 4096K, 12 young (49152K), 1 survivors (4096K)
 Metaspace       used 57793K, committed 58112K, reserved 1114112K
  class space    used 6378K, committed 6528K, reserved 1048576K
}
Event: 10.300 GC heap after
{Heap after GC invocations=21 (full 0):
 garbage-first heap   total 200704K, used 116583K [0x0000000602400000, 0x0000000800000000)
  region size 4096K, 2 young (8192K), 2 survivors (8192K)
 Metaspace       used 57793K, committed 58112K, reserved 1114112K
  class space    used 6378K, committed 6528K, reserved 1048576K
}
Event: 10.992 GC heap before
{Heap before GC invocations=22 (full 0):
 garbage-first heap   total 212992K, used 157543K [0x0000000602400000, 0x0000000800000000)
  region size 4096K, 12 young (49152K), 2 survivors (8192K)
 Metaspace       used 58229K, committed 58560K, reserved 1114112K
  class space    used 6407K, committed 6528K, reserved 1048576K
}
Event: 10.999 GC heap after
{Heap after GC invocations=23 (full 0):
 garbage-first heap   total 212992K, used 120244K [0x0000000602400000, 0x0000000800000000)
  region size 4096K, 1 young (4096K), 1 survivors (4096K)
 Metaspace       used 58229K, committed 58560K, reserved 1114112K
  class space    used 6407K, committed 6528K, reserved 1048576K
}
Event: 11.049 GC heap before
{Heap before GC invocations=23 (full 0):
 garbage-first heap   total 212992K, used 124340K [0x0000000602400000, 0x0000000800000000)
  region size 4096K, 2 young (8192K), 1 survivors (4096K)
 Metaspace       used 58249K, committed 58560K, reserved 1114112K
  class space    used 6408K, committed 6528K, reserved 1048576K
}
Event: 11.054 GC heap after
{Heap after GC invocations=24 (full 0):
 garbage-first heap   total 212992K, used 118760K [0x0000000602400000, 0x0000000800000000)
  region size 4096K, 1 young (4096K), 1 survivors (4096K)
 Metaspace       used 58249K, committed 58560K, reserved 1114112K
  class space    used 6408K, committed 6528K, reserved 1048576K
}
Event: 11.731 GC heap before
{Heap before GC invocations=24 (full 0):
 garbage-first heap   total 212992K, used 167912K [0x0000000602400000, 0x0000000800000000)
  region size 4096K, 13 young (53248K), 1 survivors (4096K)
 Metaspace       used 58521K, committed 58880K, reserved 1114112K
  class space    used 6425K, committed 6592K, reserved 1048576K
}
Event: 11.735 GC heap after
{Heap after GC invocations=25 (full 0):
 garbage-first heap   total 270336K, used 122935K [0x0000000602400000, 0x0000000800000000)
  region size 4096K, 2 young (8192K), 2 survivors (8192K)
 Metaspace       used 58521K, committed 58880K, reserved 1114112K
  class space    used 6425K, committed 6592K, reserved 1048576K
}
Event: 13.585 GC heap before
{Heap before GC invocations=26 (full 0):
 garbage-first heap   total 270336K, used 208951K [0x0000000602400000, 0x0000000800000000)
  region size 4096K, 23 young (94208K), 2 survivors (8192K)
 Metaspace       used 58930K, committed 59264K, reserved 1114112K
  class space    used 6430K, committed 6592K, reserved 1048576K
}
Event: 13.592 GC heap after
{Heap after GC invocations=27 (full 0):
 garbage-first heap   total 270336K, used 129939K [0x0000000602400000, 0x0000000800000000)
  region size 4096K, 3 young (12288K), 3 survivors (12288K)
 Metaspace       used 58930K, committed 59264K, reserved 1114112K
  class space    used 6430K, committed 6592K, reserved 1048576K
}
Event: 13.638 GC heap before
{Heap before GC invocations=27 (full 0):
 garbage-first heap   total 270336K, used 134035K [0x0000000602400000, 0x0000000800000000)
  region size 4096K, 4 young (16384K), 3 survivors (12288K)
 Metaspace       used 58959K, committed 59264K, reserved 1114112K
  class space    used 6430K, committed 6592K, reserved 1048576K
}
Event: 13.646 GC heap after
{Heap after GC invocations=28 (full 0):
 garbage-first heap   total 270336K, used 130208K [0x0000000602400000, 0x0000000800000000)
  region size 4096K, 1 young (4096K), 1 survivors (4096K)
 Metaspace       used 58959K, committed 59264K, reserved 1114112K
  class space    used 6430K, committed 6592K, reserved 1048576K
}
Event: 14.759 GC heap before
{Heap before GC invocations=28 (full 0):
 garbage-first heap   total 270336K, used 212128K [0x0000000602400000, 0x0000000800000000)
  region size 4096K, 21 young (86016K), 1 survivors (4096K)
 Metaspace       used 59339K, committed 59648K, reserved 1114112K
  class space    used 6443K, committed 6592K, reserved 1048576K
}
Event: 14.764 GC heap after
{Heap after GC invocations=29 (full 0):
 garbage-first heap   total 270336K, used 136400K [0x0000000602400000, 0x0000000800000000)
  region size 4096K, 2 young (8192K), 2 survivors (8192K)
 Metaspace       used 59339K, committed 59648K, reserved 1114112K
  class space    used 6443K, committed 6592K, reserved 1048576K
}

